<?xml version="1.0" encoding="UTF-8"?>
<testng-results skipped="0" failed="0" ignored="0" total="1" passed="1">
  <reporter-output>
  </reporter-output>
  <suite name="Default suite" duration-ms="124367" started-at="2019-10-15T08:38:14Z" finished-at="2019-10-15T08:40:18Z">
    <groups>
    </groups>
    <test name="Default test" duration-ms="124367" started-at="2019-10-15T08:38:14Z" finished-at="2019-10-15T08:40:18Z">
      <class name="tests.PageFactoryLogin">
        <test-method status="PASS" signature="loginpage()[pri:0, instance:tests.PageFactoryLogin@2b98378d]" name="loginpage" duration-ms="124308" started-at="2019-10-15T08:38:14Z" finished-at="2019-10-15T08:40:18Z">
          <reporter-output>
          </reporter-output>
        </test-method> <!-- loginpage -->
      </class> <!-- tests.PageFactoryLogin -->
    </test> <!-- Default test -->
  </suite> <!-- Default suite -->
</testng-results>
